d:\proyectospucp\superhotopengl\supert-hot-opengl\superhotopengl\debug\vc141.pdb
d:\proyectospucp\superhotopengl\supert-hot-opengl\superhotopengl\debug\vc141.idb
d:\proyectospucp\superhotopengl\supert-hot-opengl\superhotopengl\debug\settings.obj
d:\proyectospucp\superhotopengl\supert-hot-opengl\superhotopengl\debug\main.obj
c:\temp\supert-hot-opengl\superhotopengl\debug\vc141.pdb
c:\temp\supert-hot-opengl\superhotopengl\debug\vc141.idb
c:\temp\supert-hot-opengl\superhotopengl\debug\image_helper.obj
c:\temp\supert-hot-opengl\superhotopengl\debug\stb_image_aug.obj
c:\temp\supert-hot-opengl\superhotopengl\debug\main.obj
c:\temp\supert-hot-opengl\superhotopengl\debug\settings.obj
c:\temp\supert-hot-opengl\superhotopengl\debug\camera.obj
c:\temp\supert-hot-opengl\superhotopengl\debug\model.obj
d:\proyectospucp\superhotopengl\supert-hot-opengl\debug\superhotopengl.exe
d:\proyectospucp\superhotopengl\supert-hot-opengl\debug\superhotopengl.ilk
d:\proyectospucp\superhotopengl\supert-hot-opengl\debug\superhotopengl.pdb
c:\temp\supert-hot-opengl\superhotopengl\debug\superhotopengl.tlog\cl.command.1.tlog
c:\temp\supert-hot-opengl\superhotopengl\debug\superhotopengl.tlog\cl.read.1.tlog
c:\temp\supert-hot-opengl\superhotopengl\debug\superhotopengl.tlog\cl.write.1.tlog
c:\temp\supert-hot-opengl\superhotopengl\debug\superhotopengl.tlog\link.command.1.tlog
c:\temp\supert-hot-opengl\superhotopengl\debug\superhotopengl.tlog\link.read.1.tlog
c:\temp\supert-hot-opengl\superhotopengl\debug\superhotopengl.tlog\link.write.1.tlog
